<?xml version="1.0" encoding="UTF-8"?>
<!-- Generated by org.testng.reporters.JUnitXMLReporter -->
<testsuite ignored="0" hostname="DESKTOP-M3A76RR" failures="0" tests="2" name="Amazon Test on chrome" time="55.808" errors="0" timestamp="2024-07-22T17:06:27 IST">
  <testcase classname="Package3.SeleniumProject3.Testcase1" name="login_to_search" time="28.486"/>
  <testcase classname="Package3.SeleniumProject3.Testcase2" name="login_to_search" time="24.678"/>
</testsuite> <!-- Amazon Test on chrome -->
