<?xml version="1.0" encoding="UTF-8"?>
<testng-results ignored="0" total="2" passed="2" failed="0" skipped="0">
  <reporter-output>
  </reporter-output>
  <suite started-at="2024-07-22T17:35:07 IST" name="Amazon Suite" finished-at="2024-07-22T17:35:55 IST" duration-ms="47541">
    <groups>
    </groups>
    <test started-at="2024-07-22T17:35:07 IST" name="Amazon Test on chrome" finished-at="2024-07-22T17:35:55 IST" duration-ms="47541">
      <class name="Package3.SeleniumProject3.Testcase2">
        <test-method signature="login_to_search()[pri:0, instance:Package3.SeleniumProject3.Testcase2@d5b810e]" started-at="2024-07-22T17:35:32 IST" name="login_to_search" finished-at="2024-07-22T17:35:54 IST" duration-ms="22334" status="PASS">
          <reporter-output>
          </reporter-output>
        </test-method> <!-- login_to_search -->
      </class> <!-- Package3.SeleniumProject3.Testcase2 -->
      <class name="Package3.SeleniumProject3.Testcase1">
        <test-method signature="login_to_search()[pri:0, instance:Package3.SeleniumProject3.Testcase1@58695725]" started-at="2024-07-22T17:35:07 IST" name="login_to_search" finished-at="2024-07-22T17:35:31 IST" duration-ms="23977" status="PASS">
          <reporter-output>
          </reporter-output>
        </test-method> <!-- login_to_search -->
      </class> <!-- Package3.SeleniumProject3.Testcase1 -->
    </test> <!-- Amazon Test on chrome -->
  </suite> <!-- Amazon Suite -->
</testng-results>
